<?xml version="1.0" encoding="UTF-8"?>
<testsuite name="hello.itemservice.domain.ItemRepositoryTest" tests="3" skipped="0" failures="0" errors="0" timestamp="2025-05-10T06:46:59" hostname="DESKTOP-P0T3GJ0" time="0.616">
  <properties/>
  <testcase name="updateItem()" classname="hello.itemservice.domain.ItemRepositoryTest" time="0.553"/>
  <testcase name="save()" classname="hello.itemservice.domain.ItemRepositoryTest" time="0.009"/>
  <testcase name="findItems()" classname="hello.itemservice.domain.ItemRepositoryTest" time="0.052"/>
  <system-out><![CDATA[15:46:56.588 [Test worker] DEBUG org.springframework.test.context.BootstrapUtils - Instantiating CacheAwareContextLoaderDelegate from class [org.springframework.test.context.cache.DefaultCacheAwareContextLoaderDelegate]
15:46:56.599 [Test worker] DEBUG org.springframework.test.context.BootstrapUtils - Instantiating BootstrapContext using constructor [public org.springframework.test.context.support.DefaultBootstrapContext(java.lang.Class,org.springframework.test.context.CacheAwareContextLoaderDelegate)]
15:46:56.633 [Test worker] DEBUG org.springframework.test.context.BootstrapUtils - Instantiating TestContextBootstrapper for test class [hello.itemservice.domain.ItemRepositoryTest] from class [org.springframework.boot.test.context.SpringBootTestContextBootstrapper]
15:46:56.644 [Test worker] INFO org.springframework.boot.test.context.SpringBootTestContextBootstrapper - Neither @ContextConfiguration nor @ContextHierarchy found for test class [hello.itemservice.domain.ItemRepositoryTest], using SpringBootContextLoader
15:46:56.648 [Test worker] DEBUG org.springframework.test.context.support.AbstractContextLoader - Did not detect default resource location for test class [hello.itemservice.domain.ItemRepositoryTest]: class path resource [hello/itemservice/domain/ItemRepositoryTest-context.xml] does not exist
15:46:56.648 [Test worker] DEBUG org.springframework.test.context.support.AbstractContextLoader - Did not detect default resource location for test class [hello.itemservice.domain.ItemRepositoryTest]: class path resource [hello/itemservice/domain/ItemRepositoryTestContext.groovy] does not exist
15:46:56.649 [Test worker] INFO org.springframework.test.context.support.AbstractContextLoader - Could not detect default resource locations for test class [hello.itemservice.domain.ItemRepositoryTest]: no resource found for suffixes {-context.xml, Context.groovy}.
15:46:56.649 [Test worker] INFO org.springframework.test.context.support.AnnotationConfigContextLoaderUtils - Could not detect default configuration classes for test class [hello.itemservice.domain.ItemRepositoryTest]: ItemRepositoryTest does not declare any static, non-private, non-final, nested classes annotated with @Configuration.
15:46:56.689 [Test worker] DEBUG org.springframework.test.context.support.ActiveProfilesUtils - Could not find an 'annotation declaring class' for annotation type [org.springframework.test.context.ActiveProfiles] and class [hello.itemservice.domain.ItemRepositoryTest]
15:46:56.746 [Test worker] DEBUG org.springframework.context.annotation.ClassPathScanningCandidateComponentProvider - Identified candidate component class: file [C:\study\itemservice-db\build\classes\java\main\hello\itemservice\ItemServiceApplication.class]
15:46:56.748 [Test worker] INFO org.springframework.boot.test.context.SpringBootTestContextBootstrapper - Found @SpringBootConfiguration hello.itemservice.ItemServiceApplication for test class hello.itemservice.domain.ItemRepositoryTest
15:46:56.843 [Test worker] DEBUG org.springframework.boot.test.context.SpringBootTestContextBootstrapper - @TestExecutionListeners is not present for class [hello.itemservice.domain.ItemRepositoryTest]: using defaults.
15:46:56.844 [Test worker] INFO org.springframework.boot.test.context.SpringBootTestContextBootstrapper - Loaded default TestExecutionListener class names from location [META-INF/spring.factories]: [org.springframework.boot.test.autoconfigure.restdocs.RestDocsTestExecutionListener, org.springframework.boot.test.autoconfigure.web.client.MockRestServiceServerResetTestExecutionListener, org.springframework.boot.test.autoconfigure.web.servlet.MockMvcPrintOnlyOnFailureTestExecutionListener, org.springframework.boot.test.autoconfigure.web.servlet.WebDriverTestExecutionListener, org.springframework.boot.test.autoconfigure.webservices.client.MockWebServiceServerTestExecutionListener, org.springframework.boot.test.mock.mockito.MockitoTestExecutionListener, org.springframework.boot.test.mock.mockito.ResetMocksTestExecutionListener, org.springframework.test.context.web.ServletTestExecutionListener, org.springframework.test.context.support.DirtiesContextBeforeModesTestExecutionListener, org.springframework.test.context.event.ApplicationEventsTestExecutionListener, org.springframework.test.context.support.DependencyInjectionTestExecutionListener, org.springframework.test.context.support.DirtiesContextTestExecutionListener, org.springframework.test.context.transaction.TransactionalTestExecutionListener, org.springframework.test.context.jdbc.SqlScriptsTestExecutionListener, org.springframework.test.context.event.EventPublishingTestExecutionListener]
15:46:56.858 [Test worker] INFO org.springframework.boot.test.context.SpringBootTestContextBootstrapper - Using TestExecutionListeners: [org.springframework.test.context.web.ServletTestExecutionListener@72bca894, org.springframework.test.context.support.DirtiesContextBeforeModesTestExecutionListener@433ffad1, org.springframework.test.context.event.ApplicationEventsTestExecutionListener@1fc793c2, org.springframework.boot.test.mock.mockito.MockitoTestExecutionListener@2575f671, org.springframework.boot.test.autoconfigure.SpringBootDependencyInjectionTestExecutionListener@329a1243, org.springframework.test.context.support.DirtiesContextTestExecutionListener@ecf9fb3, org.springframework.test.context.transaction.TransactionalTestExecutionListener@2d35442b, org.springframework.test.context.jdbc.SqlScriptsTestExecutionListener@27f9e982, org.springframework.test.context.event.EventPublishingTestExecutionListener@4593ff34, org.springframework.boot.test.autoconfigure.restdocs.RestDocsTestExecutionListener@37d3d232, org.springframework.boot.test.autoconfigure.web.client.MockRestServiceServerResetTestExecutionListener@30c0ccff, org.springframework.boot.test.autoconfigure.web.servlet.MockMvcPrintOnlyOnFailureTestExecutionListener@581d969c, org.springframework.boot.test.autoconfigure.web.servlet.WebDriverTestExecutionListener@22db8f4, org.springframework.boot.test.autoconfigure.webservices.client.MockWebServiceServerTestExecutionListener@2b46a8c1, org.springframework.boot.test.mock.mockito.ResetMocksTestExecutionListener@1d572e62]
15:46:56.862 [Test worker] DEBUG org.springframework.test.context.support.AbstractDirtiesContextTestExecutionListener - Before test class: context [DefaultTestContext@58dea0a5 testClass = ItemRepositoryTest, testInstance = [null], testMethod = [null], testException = [null], mergedContextConfiguration = [WebMergedContextConfiguration@2a2bb0eb testClass = ItemRepositoryTest, locations = '{}', classes = '{class hello.itemservice.ItemServiceApplication}', contextInitializerClasses = '[]', activeProfiles = '{}', propertySourceLocations = '{}', propertySourceProperties = '{org.springframework.boot.test.context.SpringBootTestContextBootstrapper=true}', contextCustomizers = set[org.springframework.boot.test.autoconfigure.actuate.metrics.MetricsExportContextCustomizerFactory$DisableMetricExportContextCustomizer@3f0846c6, org.springframework.boot.test.autoconfigure.properties.PropertyMappingContextCustomizer@0, org.springframework.boot.test.autoconfigure.web.servlet.WebDriverContextCustomizerFactory$Customizer@7b8233cd, org.springframework.boot.test.context.filter.ExcludeFilterContextCustomizer@4da602fc, org.springframework.boot.test.json.DuplicateJsonObjectContextCustomizerFactory$DuplicateJsonObjectContextCustomizer@72758afa, org.springframework.boot.test.mock.mockito.MockitoContextCustomizer@0, org.springframework.boot.test.web.client.TestRestTemplateContextCustomizer@73163d48, org.springframework.boot.test.context.SpringBootTestArgs@1, org.springframework.boot.test.context.SpringBootTestWebEnvironment@53f3bdbd], resourceBasePath = 'src/main/webapp', contextLoader = 'org.springframework.boot.test.context.SpringBootContextLoader', parent = [null]], attributes = map['org.springframework.test.context.web.ServletTestExecutionListener.activateListener' -> true]], class annotated with @DirtiesContext [false] with mode [null].

  .   ____          _            __ _ _
 /\\ / ___'_ __ _ _(_)_ __  __ _ \ \ \ \
( ( )\___ | '_ | '_| | '_ \/ _` | \ \ \ \
 \\/  ___)| |_)| | | | | || (_| |  ) ) ) )
  '  |____| .__|_| |_|_| |_\__, | / / / /
 =========|_|==============|___/=/_/_/_/
 :: Spring Boot ::                (v2.6.5)

2025-05-10 15:46:57.153  INFO 11684 --- [    Test worker] h.itemservice.domain.ItemRepositoryTest  : Starting ItemRepositoryTest using Java 11.0.2 on DESKTOP-P0T3GJ0 with PID 11684 (started by starl in C:\study\itemservice-db)
2025-05-10 15:46:57.154  INFO 11684 --- [    Test worker] h.itemservice.domain.ItemRepositoryTest  : The following 1 profile is active: "test"
2025-05-10 15:46:58.572  INFO 11684 --- [    Test worker] o.s.b.a.w.s.WelcomePageHandlerMapping    : Adding welcome page: class path resource [static/index.html]
2025-05-10 15:46:58.784 DEBUG 11684 --- [    Test worker] o.s.jdbc.datasource.DataSourceUtils      : Fetching JDBC Connection from DataSource
2025-05-10 15:46:58.784  INFO 11684 --- [    Test worker] com.zaxxer.hikari.HikariDataSource       : HikariPool-1 - Starting...
2025-05-10 15:46:58.961  INFO 11684 --- [    Test worker] com.zaxxer.hikari.HikariDataSource       : HikariPool-1 - Start completed.
2025-05-10 15:46:58.978 DEBUG 11684 --- [    Test worker] o.s.jdbc.datasource.DataSourceUtils      : Fetching JDBC Connection from DataSource
2025-05-10 15:46:58.979 DEBUG 11684 --- [    Test worker] o.s.jdbc.datasource.init.ScriptUtils     : Executing SQL script from URL [file:/C:/study/itemservice-db/build/resources/test/schema.sql]
2025-05-10 15:46:58.983 DEBUG 11684 --- [    Test worker] o.s.jdbc.datasource.init.ScriptUtils     : 0 returned as update count for SQL: drop table if exists item CASCADE
2025-05-10 15:46:58.992 DEBUG 11684 --- [    Test worker] o.s.jdbc.datasource.init.ScriptUtils     : 0 returned as update count for SQL: create table item ( id bigint generated by default as identity, item_name varchar(10), price integer, quantity integer, primary key (id) )
2025-05-10 15:46:58.992 DEBUG 11684 --- [    Test worker] o.s.jdbc.datasource.init.ScriptUtils     : Executed SQL script from URL [file:/C:/study/itemservice-db/build/resources/test/schema.sql] in 13 ms.
2025-05-10 15:46:59.079  INFO 11684 --- [    Test worker] h.itemservice.domain.ItemRepositoryTest  : Started ItemRepositoryTest in 2.185 seconds (JVM running for 3.228)
2025-05-10 15:46:59.101 TRACE 11684 --- [    Test worker] c.t.TransactionalTestExecutionListener$1 : Adding transactional method 'hello.itemservice.domain.ItemRepositoryTest.updateItem' with attribute: PROPAGATION_REQUIRED,ISOLATION_DEFAULT
2025-05-10 15:46:59.103 DEBUG 11684 --- [    Test worker] t.c.t.TransactionalTestExecutionListener : Explicit transaction definition [PROPAGATION_REQUIRED,ISOLATION_DEFAULT] found for test context [DefaultTestContext@58dea0a5 testClass = ItemRepositoryTest, testInstance = hello.itemservice.domain.ItemRepositoryTest@fcd0e8d, testMethod = updateItem@ItemRepositoryTest, testException = [null], mergedContextConfiguration = [WebMergedContextConfiguration@2a2bb0eb testClass = ItemRepositoryTest, locations = '{}', classes = '{class hello.itemservice.ItemServiceApplication}', contextInitializerClasses = '[]', activeProfiles = '{}', propertySourceLocations = '{}', propertySourceProperties = '{org.springframework.boot.test.context.SpringBootTestContextBootstrapper=true}', contextCustomizers = set[org.springframework.boot.test.autoconfigure.actuate.metrics.MetricsExportContextCustomizerFactory$DisableMetricExportContextCustomizer@3f0846c6, org.springframework.boot.test.autoconfigure.properties.PropertyMappingContextCustomizer@0, org.springframework.boot.test.autoconfigure.web.servlet.WebDriverContextCustomizerFactory$Customizer@7b8233cd, org.springframework.boot.test.context.filter.ExcludeFilterContextCustomizer@4da602fc, org.springframework.boot.test.json.DuplicateJsonObjectContextCustomizerFactory$DuplicateJsonObjectContextCustomizer@72758afa, org.springframework.boot.test.mock.mockito.MockitoContextCustomizer@0, org.springframework.boot.test.web.client.TestRestTemplateContextCustomizer@73163d48, org.springframework.boot.test.context.SpringBootTestArgs@1, org.springframework.boot.test.context.SpringBootTestWebEnvironment@53f3bdbd], resourceBasePath = 'src/main/webapp', contextLoader = 'org.springframework.boot.test.context.SpringBootContextLoader', parent = [null]], attributes = map['org.springframework.test.context.web.ServletTestExecutionListener.activateListener' -> true, 'org.springframework.test.context.web.ServletTestExecutionListener.populatedRequestContextHolder' -> true, 'org.springframework.test.context.web.ServletTestExecutionListener.resetRequestContextHolder' -> true, 'org.springframework.test.context.event.ApplicationEventsTestExecutionListener.recordApplicationEvents' -> false]]
2025-05-10 15:46:59.104 DEBUG 11684 --- [    Test worker] t.c.t.TransactionalTestExecutionListener : No method-level @Rollback override: using default rollback [true] for test context [DefaultTestContext@58dea0a5 testClass = ItemRepositoryTest, testInstance = hello.itemservice.domain.ItemRepositoryTest@fcd0e8d, testMethod = updateItem@ItemRepositoryTest, testException = [null], mergedContextConfiguration = [WebMergedContextConfiguration@2a2bb0eb testClass = ItemRepositoryTest, locations = '{}', classes = '{class hello.itemservice.ItemServiceApplication}', contextInitializerClasses = '[]', activeProfiles = '{}', propertySourceLocations = '{}', propertySourceProperties = '{org.springframework.boot.test.context.SpringBootTestContextBootstrapper=true}', contextCustomizers = set[org.springframework.boot.test.autoconfigure.actuate.metrics.MetricsExportContextCustomizerFactory$DisableMetricExportContextCustomizer@3f0846c6, org.springframework.boot.test.autoconfigure.properties.PropertyMappingContextCustomizer@0, org.springframework.boot.test.autoconfigure.web.servlet.WebDriverContextCustomizerFactory$Customizer@7b8233cd, org.springframework.boot.test.context.filter.ExcludeFilterContextCustomizer@4da602fc, org.springframework.boot.test.json.DuplicateJsonObjectContextCustomizerFactory$DuplicateJsonObjectContextCustomizer@72758afa, org.springframework.boot.test.mock.mockito.MockitoContextCustomizer@0, org.springframework.boot.test.web.client.TestRestTemplateContextCustomizer@73163d48, org.springframework.boot.test.context.SpringBootTestArgs@1, org.springframework.boot.test.context.SpringBootTestWebEnvironment@53f3bdbd], resourceBasePath = 'src/main/webapp', contextLoader = 'org.springframework.boot.test.context.SpringBootContextLoader', parent = [null]], attributes = map['org.springframework.test.context.web.ServletTestExecutionListener.activateListener' -> true, 'org.springframework.test.context.web.ServletTestExecutionListener.populatedRequestContextHolder' -> true, 'org.springframework.test.context.web.ServletTestExecutionListener.resetRequestContextHolder' -> true, 'org.springframework.test.context.event.ApplicationEventsTestExecutionListener.recordApplicationEvents' -> false]].
2025-05-10 15:46:59.106 DEBUG 11684 --- [    Test worker] o.s.jdbc.support.JdbcTransactionManager  : Creating new transaction with name [hello.itemservice.domain.ItemRepositoryTest.updateItem]: PROPAGATION_REQUIRED,ISOLATION_DEFAULT
2025-05-10 15:46:59.106 DEBUG 11684 --- [    Test worker] o.s.jdbc.support.JdbcTransactionManager  : Acquired Connection [HikariProxyConnection@2018794816 wrapping conn0: url=jdbc:h2:mem:cb5c3575-9b79-4a9d-bc69-c74ce55452e0 user=SA] for JDBC transaction
2025-05-10 15:46:59.108 DEBUG 11684 --- [    Test worker] o.s.jdbc.support.JdbcTransactionManager  : Switching JDBC Connection [HikariProxyConnection@2018794816 wrapping conn0: url=jdbc:h2:mem:cb5c3575-9b79-4a9d-bc69-c74ce55452e0 user=SA] to manual commit
2025-05-10 15:46:59.109  INFO 11684 --- [    Test worker] o.s.t.c.transaction.TransactionContext   : Began transaction (1) for test context [DefaultTestContext@58dea0a5 testClass = ItemRepositoryTest, testInstance = hello.itemservice.domain.ItemRepositoryTest@fcd0e8d, testMethod = updateItem@ItemRepositoryTest, testException = [null], mergedContextConfiguration = [WebMergedContextConfiguration@2a2bb0eb testClass = ItemRepositoryTest, locations = '{}', classes = '{class hello.itemservice.ItemServiceApplication}', contextInitializerClasses = '[]', activeProfiles = '{}', propertySourceLocations = '{}', propertySourceProperties = '{org.springframework.boot.test.context.SpringBootTestContextBootstrapper=true}', contextCustomizers = set[org.springframework.boot.test.autoconfigure.actuate.metrics.MetricsExportContextCustomizerFactory$DisableMetricExportContextCustomizer@3f0846c6, org.springframework.boot.test.autoconfigure.properties.PropertyMappingContextCustomizer@0, org.springframework.boot.test.autoconfigure.web.servlet.WebDriverContextCustomizerFactory$Customizer@7b8233cd, org.springframework.boot.test.context.filter.ExcludeFilterContextCustomizer@4da602fc, org.springframework.boot.test.json.DuplicateJsonObjectContextCustomizerFactory$DuplicateJsonObjectContextCustomizer@72758afa, org.springframework.boot.test.mock.mockito.MockitoContextCustomizer@0, org.springframework.boot.test.web.client.TestRestTemplateContextCustomizer@73163d48, org.springframework.boot.test.context.SpringBootTestArgs@1, org.springframework.boot.test.context.SpringBootTestWebEnvironment@53f3bdbd], resourceBasePath = 'src/main/webapp', contextLoader = 'org.springframework.boot.test.context.SpringBootContextLoader', parent = [null]], attributes = map['org.springframework.test.context.web.ServletTestExecutionListener.activateListener' -> true, 'org.springframework.test.context.web.ServletTestExecutionListener.populatedRequestContextHolder' -> true, 'org.springframework.test.context.web.ServletTestExecutionListener.resetRequestContextHolder' -> true, 'org.springframework.test.context.event.ApplicationEventsTestExecutionListener.recordApplicationEvents' -> false]]; transaction manager [org.springframework.jdbc.support.JdbcTransactionManager@502c2278]; rollback [true]
2025-05-10 15:46:59.519 DEBUG 11684 --- [    Test worker] h.i.repository.mybatis.ItemMapper.save   : ==>  Preparing: insert into item (item_name, price, quantity) values (?, ?, ?)
2025-05-10 15:46:59.540 DEBUG 11684 --- [    Test worker] h.i.repository.mybatis.ItemMapper.save   : ==> Parameters: item1(String), 10000(Integer), 10(Integer)
2025-05-10 15:46:59.544 DEBUG 11684 --- [    Test worker] h.i.repository.mybatis.ItemMapper.save   : <==    Updates: 1
2025-05-10 15:46:59.550 DEBUG 11684 --- [    Test worker] h.i.r.mybatis.ItemMapper.update          : ==>  Preparing: update item set item_name = ?, price = ?, quantity = ? where id = ?
2025-05-10 15:46:59.556 DEBUG 11684 --- [    Test worker] h.i.r.mybatis.ItemMapper.update          : ==> Parameters: item2(String), 20000(Integer), 30(Integer), 1(Long)
2025-05-10 15:46:59.557 DEBUG 11684 --- [    Test worker] h.i.r.mybatis.ItemMapper.update          : <==    Updates: 1
2025-05-10 15:46:59.559 DEBUG 11684 --- [    Test worker] h.i.r.mybatis.ItemMapper.findById        : ==>  Preparing: select id, item_name, price, quantity from item where id = ?
2025-05-10 15:46:59.563 DEBUG 11684 --- [    Test worker] h.i.r.mybatis.ItemMapper.findById        : ==> Parameters: 1(Long)
2025-05-10 15:46:59.573 TRACE 11684 --- [    Test worker] h.i.r.mybatis.ItemMapper.findById        : <==    Columns: ID, ITEM_NAME, PRICE, QUANTITY
2025-05-10 15:46:59.574 TRACE 11684 --- [    Test worker] h.i.r.mybatis.ItemMapper.findById        : <==        Row: 1, item2, 20000, 30
2025-05-10 15:46:59.575 DEBUG 11684 --- [    Test worker] h.i.r.mybatis.ItemMapper.findById        : <==      Total: 1
2025-05-10 15:46:59.645 TRACE 11684 --- [    Test worker] o.s.t.c.transaction.TransactionContext   : Ending transaction for test context [DefaultTestContext@58dea0a5 testClass = ItemRepositoryTest, testInstance = hello.itemservice.domain.ItemRepositoryTest@fcd0e8d, testMethod = updateItem@ItemRepositoryTest, testException = [null], mergedContextConfiguration = [WebMergedContextConfiguration@2a2bb0eb testClass = ItemRepositoryTest, locations = '{}', classes = '{class hello.itemservice.ItemServiceApplication}', contextInitializerClasses = '[]', activeProfiles = '{}', propertySourceLocations = '{}', propertySourceProperties = '{org.springframework.boot.test.context.SpringBootTestContextBootstrapper=true}', contextCustomizers = set[org.springframework.boot.test.autoconfigure.actuate.metrics.MetricsExportContextCustomizerFactory$DisableMetricExportContextCustomizer@3f0846c6, org.springframework.boot.test.autoconfigure.properties.PropertyMappingContextCustomizer@0, org.springframework.boot.test.autoconfigure.web.servlet.WebDriverContextCustomizerFactory$Customizer@7b8233cd, org.springframework.boot.test.context.filter.ExcludeFilterContextCustomizer@4da602fc, org.springframework.boot.test.json.DuplicateJsonObjectContextCustomizerFactory$DuplicateJsonObjectContextCustomizer@72758afa, org.springframework.boot.test.mock.mockito.MockitoContextCustomizer@0, org.springframework.boot.test.web.client.TestRestTemplateContextCustomizer@73163d48, org.springframework.boot.test.context.SpringBootTestArgs@1, org.springframework.boot.test.context.SpringBootTestWebEnvironment@53f3bdbd], resourceBasePath = 'src/main/webapp', contextLoader = 'org.springframework.boot.test.context.SpringBootContextLoader', parent = [null]], attributes = map['org.springframework.test.context.web.ServletTestExecutionListener.activateListener' -> true, 'org.springframework.test.context.web.ServletTestExecutionListener.populatedRequestContextHolder' -> true, 'org.springframework.test.context.web.ServletTestExecutionListener.resetRequestContextHolder' -> true, 'org.springframework.test.context.event.ApplicationEventsTestExecutionListener.recordApplicationEvents' -> false]]; transaction status [org.springframework.transaction.support.DefaultTransactionStatus@300aa927]; rollback [true]
2025-05-10 15:46:59.645 DEBUG 11684 --- [    Test worker] o.s.jdbc.support.JdbcTransactionManager  : Initiating transaction rollback
2025-05-10 15:46:59.646 DEBUG 11684 --- [    Test worker] o.s.jdbc.support.JdbcTransactionManager  : Rolling back JDBC transaction on Connection [HikariProxyConnection@2018794816 wrapping conn0: url=jdbc:h2:mem:cb5c3575-9b79-4a9d-bc69-c74ce55452e0 user=SA]
2025-05-10 15:46:59.647 DEBUG 11684 --- [    Test worker] o.s.jdbc.support.JdbcTransactionManager  : Releasing JDBC Connection [HikariProxyConnection@2018794816 wrapping conn0: url=jdbc:h2:mem:cb5c3575-9b79-4a9d-bc69-c74ce55452e0 user=SA] after transaction
2025-05-10 15:46:59.647  INFO 11684 --- [    Test worker] o.s.t.c.transaction.TransactionContext   : Rolled back transaction for test: [DefaultTestContext@58dea0a5 testClass = ItemRepositoryTest, testInstance = hello.itemservice.domain.ItemRepositoryTest@fcd0e8d, testMethod = updateItem@ItemRepositoryTest, testException = [null], mergedContextConfiguration = [WebMergedContextConfiguration@2a2bb0eb testClass = ItemRepositoryTest, locations = '{}', classes = '{class hello.itemservice.ItemServiceApplication}', contextInitializerClasses = '[]', activeProfiles = '{}', propertySourceLocations = '{}', propertySourceProperties = '{org.springframework.boot.test.context.SpringBootTestContextBootstrapper=true}', contextCustomizers = set[org.springframework.boot.test.autoconfigure.actuate.metrics.MetricsExportContextCustomizerFactory$DisableMetricExportContextCustomizer@3f0846c6, org.springframework.boot.test.autoconfigure.properties.PropertyMappingContextCustomizer@0, org.springframework.boot.test.autoconfigure.web.servlet.WebDriverContextCustomizerFactory$Customizer@7b8233cd, org.springframework.boot.test.context.filter.ExcludeFilterContextCustomizer@4da602fc, org.springframework.boot.test.json.DuplicateJsonObjectContextCustomizerFactory$DuplicateJsonObjectContextCustomizer@72758afa, org.springframework.boot.test.mock.mockito.MockitoContextCustomizer@0, org.springframework.boot.test.web.client.TestRestTemplateContextCustomizer@73163d48, org.springframework.boot.test.context.SpringBootTestArgs@1, org.springframework.boot.test.context.SpringBootTestWebEnvironment@53f3bdbd], resourceBasePath = 'src/main/webapp', contextLoader = 'org.springframework.boot.test.context.SpringBootContextLoader', parent = [null]], attributes = map['org.springframework.test.context.web.ServletTestExecutionListener.activateListener' -> true, 'org.springframework.test.context.web.ServletTestExecutionListener.populatedRequestContextHolder' -> true, 'org.springframework.test.context.web.ServletTestExecutionListener.resetRequestContextHolder' -> true, 'org.springframework.test.context.event.ApplicationEventsTestExecutionListener.recordApplicationEvents' -> false]]
2025-05-10 15:46:59.653 TRACE 11684 --- [    Test worker] c.t.TransactionalTestExecutionListener$1 : Adding transactional method 'hello.itemservice.domain.ItemRepositoryTest.save' with attribute: PROPAGATION_REQUIRED,ISOLATION_DEFAULT
2025-05-10 15:46:59.653 DEBUG 11684 --- [    Test worker] t.c.t.TransactionalTestExecutionListener : Explicit transaction definition [PROPAGATION_REQUIRED,ISOLATION_DEFAULT] found for test context [DefaultTestContext@58dea0a5 testClass = ItemRepositoryTest, testInstance = hello.itemservice.domain.ItemRepositoryTest@5b64f771, testMethod = save@ItemRepositoryTest, testException = [null], mergedContextConfiguration = [WebMergedContextConfiguration@2a2bb0eb testClass = ItemRepositoryTest, locations = '{}', classes = '{class hello.itemservice.ItemServiceApplication}', contextInitializerClasses = '[]', activeProfiles = '{}', propertySourceLocations = '{}', propertySourceProperties = '{org.springframework.boot.test.context.SpringBootTestContextBootstrapper=true}', contextCustomizers = set[org.springframework.boot.test.autoconfigure.actuate.metrics.MetricsExportContextCustomizerFactory$DisableMetricExportContextCustomizer@3f0846c6, org.springframework.boot.test.autoconfigure.properties.PropertyMappingContextCustomizer@0, org.springframework.boot.test.autoconfigure.web.servlet.WebDriverContextCustomizerFactory$Customizer@7b8233cd, org.springframework.boot.test.context.filter.ExcludeFilterContextCustomizer@4da602fc, org.springframework.boot.test.json.DuplicateJsonObjectContextCustomizerFactory$DuplicateJsonObjectContextCustomizer@72758afa, org.springframework.boot.test.mock.mockito.MockitoContextCustomizer@0, org.springframework.boot.test.web.client.TestRestTemplateContextCustomizer@73163d48, org.springframework.boot.test.context.SpringBootTestArgs@1, org.springframework.boot.test.context.SpringBootTestWebEnvironment@53f3bdbd], resourceBasePath = 'src/main/webapp', contextLoader = 'org.springframework.boot.test.context.SpringBootContextLoader', parent = [null]], attributes = map['org.springframework.test.context.web.ServletTestExecutionListener.activateListener' -> true, 'org.springframework.test.context.web.ServletTestExecutionListener.populatedRequestContextHolder' -> true, 'org.springframework.test.context.web.ServletTestExecutionListener.resetRequestContextHolder' -> true, 'org.springframework.test.context.event.ApplicationEventsTestExecutionListener.recordApplicationEvents' -> false]]
2025-05-10 15:46:59.654 DEBUG 11684 --- [    Test worker] t.c.t.TransactionalTestExecutionListener : No method-level @Rollback override: using default rollback [true] for test context [DefaultTestContext@58dea0a5 testClass = ItemRepositoryTest, testInstance = hello.itemservice.domain.ItemRepositoryTest@5b64f771, testMethod = save@ItemRepositoryTest, testException = [null], mergedContextConfiguration = [WebMergedContextConfiguration@2a2bb0eb testClass = ItemRepositoryTest, locations = '{}', classes = '{class hello.itemservice.ItemServiceApplication}', contextInitializerClasses = '[]', activeProfiles = '{}', propertySourceLocations = '{}', propertySourceProperties = '{org.springframework.boot.test.context.SpringBootTestContextBootstrapper=true}', contextCustomizers = set[org.springframework.boot.test.autoconfigure.actuate.metrics.MetricsExportContextCustomizerFactory$DisableMetricExportContextCustomizer@3f0846c6, org.springframework.boot.test.autoconfigure.properties.PropertyMappingContextCustomizer@0, org.springframework.boot.test.autoconfigure.web.servlet.WebDriverContextCustomizerFactory$Customizer@7b8233cd, org.springframework.boot.test.context.filter.ExcludeFilterContextCustomizer@4da602fc, org.springframework.boot.test.json.DuplicateJsonObjectContextCustomizerFactory$DuplicateJsonObjectContextCustomizer@72758afa, org.springframework.boot.test.mock.mockito.MockitoContextCustomizer@0, org.springframework.boot.test.web.client.TestRestTemplateContextCustomizer@73163d48, org.springframework.boot.test.context.SpringBootTestArgs@1, org.springframework.boot.test.context.SpringBootTestWebEnvironment@53f3bdbd], resourceBasePath = 'src/main/webapp', contextLoader = 'org.springframework.boot.test.context.SpringBootContextLoader', parent = [null]], attributes = map['org.springframework.test.context.web.ServletTestExecutionListener.activateListener' -> true, 'org.springframework.test.context.web.ServletTestExecutionListener.populatedRequestContextHolder' -> true, 'org.springframework.test.context.web.ServletTestExecutionListener.resetRequestContextHolder' -> true, 'org.springframework.test.context.event.ApplicationEventsTestExecutionListener.recordApplicationEvents' -> false]].
2025-05-10 15:46:59.654 DEBUG 11684 --- [    Test worker] o.s.jdbc.support.JdbcTransactionManager  : Creating new transaction with name [hello.itemservice.domain.ItemRepositoryTest.save]: PROPAGATION_REQUIRED,ISOLATION_DEFAULT
2025-05-10 15:46:59.654 DEBUG 11684 --- [    Test worker] o.s.jdbc.support.JdbcTransactionManager  : Acquired Connection [HikariProxyConnection@356279811 wrapping conn0: url=jdbc:h2:mem:cb5c3575-9b79-4a9d-bc69-c74ce55452e0 user=SA] for JDBC transaction
2025-05-10 15:46:59.654 DEBUG 11684 --- [    Test worker] o.s.jdbc.support.JdbcTransactionManager  : Switching JDBC Connection [HikariProxyConnection@356279811 wrapping conn0: url=jdbc:h2:mem:cb5c3575-9b79-4a9d-bc69-c74ce55452e0 user=SA] to manual commit
2025-05-10 15:46:59.655  INFO 11684 --- [    Test worker] o.s.t.c.transaction.TransactionContext   : Began transaction (1) for test context [DefaultTestContext@58dea0a5 testClass = ItemRepositoryTest, testInstance = hello.itemservice.domain.ItemRepositoryTest@5b64f771, testMethod = save@ItemRepositoryTest, testException = [null], mergedContextConfiguration = [WebMergedContextConfiguration@2a2bb0eb testClass = ItemRepositoryTest, locations = '{}', classes = '{class hello.itemservice.ItemServiceApplication}', contextInitializerClasses = '[]', activeProfiles = '{}', propertySourceLocations = '{}', propertySourceProperties = '{org.springframework.boot.test.context.SpringBootTestContextBootstrapper=true}', contextCustomizers = set[org.springframework.boot.test.autoconfigure.actuate.metrics.MetricsExportContextCustomizerFactory$DisableMetricExportContextCustomizer@3f0846c6, org.springframework.boot.test.autoconfigure.properties.PropertyMappingContextCustomizer@0, org.springframework.boot.test.autoconfigure.web.servlet.WebDriverContextCustomizerFactory$Customizer@7b8233cd, org.springframework.boot.test.context.filter.ExcludeFilterContextCustomizer@4da602fc, org.springframework.boot.test.json.DuplicateJsonObjectContextCustomizerFactory$DuplicateJsonObjectContextCustomizer@72758afa, org.springframework.boot.test.mock.mockito.MockitoContextCustomizer@0, org.springframework.boot.test.web.client.TestRestTemplateContextCustomizer@73163d48, org.springframework.boot.test.context.SpringBootTestArgs@1, org.springframework.boot.test.context.SpringBootTestWebEnvironment@53f3bdbd], resourceBasePath = 'src/main/webapp', contextLoader = 'org.springframework.boot.test.context.SpringBootContextLoader', parent = [null]], attributes = map['org.springframework.test.context.web.ServletTestExecutionListener.activateListener' -> true, 'org.springframework.test.context.web.ServletTestExecutionListener.populatedRequestContextHolder' -> true, 'org.springframework.test.context.web.ServletTestExecutionListener.resetRequestContextHolder' -> true, 'org.springframework.test.context.event.ApplicationEventsTestExecutionListener.recordApplicationEvents' -> false]]; transaction manager [org.springframework.jdbc.support.JdbcTransactionManager@502c2278]; rollback [true]
2025-05-10 15:46:59.656 DEBUG 11684 --- [    Test worker] h.i.repository.mybatis.ItemMapper.save   : ==>  Preparing: insert into item (item_name, price, quantity) values (?, ?, ?)
2025-05-10 15:46:59.657 DEBUG 11684 --- [    Test worker] h.i.repository.mybatis.ItemMapper.save   : ==> Parameters: itemA(String), 10000(Integer), 10(Integer)
2025-05-10 15:46:59.657 DEBUG 11684 --- [    Test worker] h.i.repository.mybatis.ItemMapper.save   : <==    Updates: 1
2025-05-10 15:46:59.657 DEBUG 11684 --- [    Test worker] h.i.r.mybatis.ItemMapper.findById        : ==>  Preparing: select id, item_name, price, quantity from item where id = ?
2025-05-10 15:46:59.658 DEBUG 11684 --- [    Test worker] h.i.r.mybatis.ItemMapper.findById        : ==> Parameters: 2(Long)
2025-05-10 15:46:59.658 TRACE 11684 --- [    Test worker] h.i.r.mybatis.ItemMapper.findById        : <==    Columns: ID, ITEM_NAME, PRICE, QUANTITY
2025-05-10 15:46:59.658 TRACE 11684 --- [    Test worker] h.i.r.mybatis.ItemMapper.findById        : <==        Row: 2, itemA, 10000, 10
2025-05-10 15:46:59.658 DEBUG 11684 --- [    Test worker] h.i.r.mybatis.ItemMapper.findById        : <==      Total: 1
2025-05-10 15:46:59.660 TRACE 11684 --- [    Test worker] o.s.t.c.transaction.TransactionContext   : Ending transaction for test context [DefaultTestContext@58dea0a5 testClass = ItemRepositoryTest, testInstance = hello.itemservice.domain.ItemRepositoryTest@5b64f771, testMethod = save@ItemRepositoryTest, testException = [null], mergedContextConfiguration = [WebMergedContextConfiguration@2a2bb0eb testClass = ItemRepositoryTest, locations = '{}', classes = '{class hello.itemservice.ItemServiceApplication}', contextInitializerClasses = '[]', activeProfiles = '{}', propertySourceLocations = '{}', propertySourceProperties = '{org.springframework.boot.test.context.SpringBootTestContextBootstrapper=true}', contextCustomizers = set[org.springframework.boot.test.autoconfigure.actuate.metrics.MetricsExportContextCustomizerFactory$DisableMetricExportContextCustomizer@3f0846c6, org.springframework.boot.test.autoconfigure.properties.PropertyMappingContextCustomizer@0, org.springframework.boot.test.autoconfigure.web.servlet.WebDriverContextCustomizerFactory$Customizer@7b8233cd, org.springframework.boot.test.context.filter.ExcludeFilterContextCustomizer@4da602fc, org.springframework.boot.test.json.DuplicateJsonObjectContextCustomizerFactory$DuplicateJsonObjectContextCustomizer@72758afa, org.springframework.boot.test.mock.mockito.MockitoContextCustomizer@0, org.springframework.boot.test.web.client.TestRestTemplateContextCustomizer@73163d48, org.springframework.boot.test.context.SpringBootTestArgs@1, org.springframework.boot.test.context.SpringBootTestWebEnvironment@53f3bdbd], resourceBasePath = 'src/main/webapp', contextLoader = 'org.springframework.boot.test.context.SpringBootContextLoader', parent = [null]], attributes = map['org.springframework.test.context.web.ServletTestExecutionListener.activateListener' -> true, 'org.springframework.test.context.web.ServletTestExecutionListener.populatedRequestContextHolder' -> true, 'org.springframework.test.context.web.ServletTestExecutionListener.resetRequestContextHolder' -> true, 'org.springframework.test.context.event.ApplicationEventsTestExecutionListener.recordApplicationEvents' -> false]]; transaction status [org.springframework.transaction.support.DefaultTransactionStatus@65503a26]; rollback [true]
2025-05-10 15:46:59.661 DEBUG 11684 --- [    Test worker] o.s.jdbc.support.JdbcTransactionManager  : Initiating transaction rollback
2025-05-10 15:46:59.661 DEBUG 11684 --- [    Test worker] o.s.jdbc.support.JdbcTransactionManager  : Rolling back JDBC transaction on Connection [HikariProxyConnection@356279811 wrapping conn0: url=jdbc:h2:mem:cb5c3575-9b79-4a9d-bc69-c74ce55452e0 user=SA]
2025-05-10 15:46:59.661 DEBUG 11684 --- [    Test worker] o.s.jdbc.support.JdbcTransactionManager  : Releasing JDBC Connection [HikariProxyConnection@356279811 wrapping conn0: url=jdbc:h2:mem:cb5c3575-9b79-4a9d-bc69-c74ce55452e0 user=SA] after transaction
2025-05-10 15:46:59.661  INFO 11684 --- [    Test worker] o.s.t.c.transaction.TransactionContext   : Rolled back transaction for test: [DefaultTestContext@58dea0a5 testClass = ItemRepositoryTest, testInstance = hello.itemservice.domain.ItemRepositoryTest@5b64f771, testMethod = save@ItemRepositoryTest, testException = [null], mergedContextConfiguration = [WebMergedContextConfiguration@2a2bb0eb testClass = ItemRepositoryTest, locations = '{}', classes = '{class hello.itemservice.ItemServiceApplication}', contextInitializerClasses = '[]', activeProfiles = '{}', propertySourceLocations = '{}', propertySourceProperties = '{org.springframework.boot.test.context.SpringBootTestContextBootstrapper=true}', contextCustomizers = set[org.springframework.boot.test.autoconfigure.actuate.metrics.MetricsExportContextCustomizerFactory$DisableMetricExportContextCustomizer@3f0846c6, org.springframework.boot.test.autoconfigure.properties.PropertyMappingContextCustomizer@0, org.springframework.boot.test.autoconfigure.web.servlet.WebDriverContextCustomizerFactory$Customizer@7b8233cd, org.springframework.boot.test.context.filter.ExcludeFilterContextCustomizer@4da602fc, org.springframework.boot.test.json.DuplicateJsonObjectContextCustomizerFactory$DuplicateJsonObjectContextCustomizer@72758afa, org.springframework.boot.test.mock.mockito.MockitoContextCustomizer@0, org.springframework.boot.test.web.client.TestRestTemplateContextCustomizer@73163d48, org.springframework.boot.test.context.SpringBootTestArgs@1, org.springframework.boot.test.context.SpringBootTestWebEnvironment@53f3bdbd], resourceBasePath = 'src/main/webapp', contextLoader = 'org.springframework.boot.test.context.SpringBootContextLoader', parent = [null]], attributes = map['org.springframework.test.context.web.ServletTestExecutionListener.activateListener' -> true, 'org.springframework.test.context.web.ServletTestExecutionListener.populatedRequestContextHolder' -> true, 'org.springframework.test.context.web.ServletTestExecutionListener.resetRequestContextHolder' -> true, 'org.springframework.test.context.event.ApplicationEventsTestExecutionListener.recordApplicationEvents' -> false]]
2025-05-10 15:46:59.663 TRACE 11684 --- [    Test worker] c.t.TransactionalTestExecutionListener$1 : Adding transactional method 'hello.itemservice.domain.ItemRepositoryTest.findItems' with attribute: PROPAGATION_REQUIRED,ISOLATION_DEFAULT
2025-05-10 15:46:59.664 DEBUG 11684 --- [    Test worker] t.c.t.TransactionalTestExecutionListener : Explicit transaction definition [PROPAGATION_REQUIRED,ISOLATION_DEFAULT] found for test context [DefaultTestContext@58dea0a5 testClass = ItemRepositoryTest, testInstance = hello.itemservice.domain.ItemRepositoryTest@13aa54f1, testMethod = findItems@ItemRepositoryTest, testException = [null], mergedContextConfiguration = [WebMergedContextConfiguration@2a2bb0eb testClass = ItemRepositoryTest, locations = '{}', classes = '{class hello.itemservice.ItemServiceApplication}', contextInitializerClasses = '[]', activeProfiles = '{}', propertySourceLocations = '{}', propertySourceProperties = '{org.springframework.boot.test.context.SpringBootTestContextBootstrapper=true}', contextCustomizers = set[org.springframework.boot.test.autoconfigure.actuate.metrics.MetricsExportContextCustomizerFactory$DisableMetricExportContextCustomizer@3f0846c6, org.springframework.boot.test.autoconfigure.properties.PropertyMappingContextCustomizer@0, org.springframework.boot.test.autoconfigure.web.servlet.WebDriverContextCustomizerFactory$Customizer@7b8233cd, org.springframework.boot.test.context.filter.ExcludeFilterContextCustomizer@4da602fc, org.springframework.boot.test.json.DuplicateJsonObjectContextCustomizerFactory$DuplicateJsonObjectContextCustomizer@72758afa, org.springframework.boot.test.mock.mockito.MockitoContextCustomizer@0, org.springframework.boot.test.web.client.TestRestTemplateContextCustomizer@73163d48, org.springframework.boot.test.context.SpringBootTestArgs@1, org.springframework.boot.test.context.SpringBootTestWebEnvironment@53f3bdbd], resourceBasePath = 'src/main/webapp', contextLoader = 'org.springframework.boot.test.context.SpringBootContextLoader', parent = [null]], attributes = map['org.springframework.test.context.web.ServletTestExecutionListener.activateListener' -> true, 'org.springframework.test.context.web.ServletTestExecutionListener.populatedRequestContextHolder' -> true, 'org.springframework.test.context.web.ServletTestExecutionListener.resetRequestContextHolder' -> true, 'org.springframework.test.context.event.ApplicationEventsTestExecutionListener.recordApplicationEvents' -> false]]
2025-05-10 15:46:59.664 DEBUG 11684 --- [    Test worker] t.c.t.TransactionalTestExecutionListener : No method-level @Rollback override: using default rollback [true] for test context [DefaultTestContext@58dea0a5 testClass = ItemRepositoryTest, testInstance = hello.itemservice.domain.ItemRepositoryTest@13aa54f1, testMethod = findItems@ItemRepositoryTest, testException = [null], mergedContextConfiguration = [WebMergedContextConfiguration@2a2bb0eb testClass = ItemRepositoryTest, locations = '{}', classes = '{class hello.itemservice.ItemServiceApplication}', contextInitializerClasses = '[]', activeProfiles = '{}', propertySourceLocations = '{}', propertySourceProperties = '{org.springframework.boot.test.context.SpringBootTestContextBootstrapper=true}', contextCustomizers = set[org.springframework.boot.test.autoconfigure.actuate.metrics.MetricsExportContextCustomizerFactory$DisableMetricExportContextCustomizer@3f0846c6, org.springframework.boot.test.autoconfigure.properties.PropertyMappingContextCustomizer@0, org.springframework.boot.test.autoconfigure.web.servlet.WebDriverContextCustomizerFactory$Customizer@7b8233cd, org.springframework.boot.test.context.filter.ExcludeFilterContextCustomizer@4da602fc, org.springframework.boot.test.json.DuplicateJsonObjectContextCustomizerFactory$DuplicateJsonObjectContextCustomizer@72758afa, org.springframework.boot.test.mock.mockito.MockitoContextCustomizer@0, org.springframework.boot.test.web.client.TestRestTemplateContextCustomizer@73163d48, org.springframework.boot.test.context.SpringBootTestArgs@1, org.springframework.boot.test.context.SpringBootTestWebEnvironment@53f3bdbd], resourceBasePath = 'src/main/webapp', contextLoader = 'org.springframework.boot.test.context.SpringBootContextLoader', parent = [null]], attributes = map['org.springframework.test.context.web.ServletTestExecutionListener.activateListener' -> true, 'org.springframework.test.context.web.ServletTestExecutionListener.populatedRequestContextHolder' -> true, 'org.springframework.test.context.web.ServletTestExecutionListener.resetRequestContextHolder' -> true, 'org.springframework.test.context.event.ApplicationEventsTestExecutionListener.recordApplicationEvents' -> false]].
2025-05-10 15:46:59.665 DEBUG 11684 --- [    Test worker] o.s.jdbc.support.JdbcTransactionManager  : Creating new transaction with name [hello.itemservice.domain.ItemRepositoryTest.findItems]: PROPAGATION_REQUIRED,ISOLATION_DEFAULT
2025-05-10 15:46:59.665 DEBUG 11684 --- [    Test worker] o.s.jdbc.support.JdbcTransactionManager  : Acquired Connection [HikariProxyConnection@651676429 wrapping conn0: url=jdbc:h2:mem:cb5c3575-9b79-4a9d-bc69-c74ce55452e0 user=SA] for JDBC transaction
2025-05-10 15:46:59.665 DEBUG 11684 --- [    Test worker] o.s.jdbc.support.JdbcTransactionManager  : Switching JDBC Connection [HikariProxyConnection@651676429 wrapping conn0: url=jdbc:h2:mem:cb5c3575-9b79-4a9d-bc69-c74ce55452e0 user=SA] to manual commit
2025-05-10 15:46:59.665  INFO 11684 --- [    Test worker] o.s.t.c.transaction.TransactionContext   : Began transaction (1) for test context [DefaultTestContext@58dea0a5 testClass = ItemRepositoryTest, testInstance = hello.itemservice.domain.ItemRepositoryTest@13aa54f1, testMethod = findItems@ItemRepositoryTest, testException = [null], mergedContextConfiguration = [WebMergedContextConfiguration@2a2bb0eb testClass = ItemRepositoryTest, locations = '{}', classes = '{class hello.itemservice.ItemServiceApplication}', contextInitializerClasses = '[]', activeProfiles = '{}', propertySourceLocations = '{}', propertySourceProperties = '{org.springframework.boot.test.context.SpringBootTestContextBootstrapper=true}', contextCustomizers = set[org.springframework.boot.test.autoconfigure.actuate.metrics.MetricsExportContextCustomizerFactory$DisableMetricExportContextCustomizer@3f0846c6, org.springframework.boot.test.autoconfigure.properties.PropertyMappingContextCustomizer@0, org.springframework.boot.test.autoconfigure.web.servlet.WebDriverContextCustomizerFactory$Customizer@7b8233cd, org.springframework.boot.test.context.filter.ExcludeFilterContextCustomizer@4da602fc, org.springframework.boot.test.json.DuplicateJsonObjectContextCustomizerFactory$DuplicateJsonObjectContextCustomizer@72758afa, org.springframework.boot.test.mock.mockito.MockitoContextCustomizer@0, org.springframework.boot.test.web.client.TestRestTemplateContextCustomizer@73163d48, org.springframework.boot.test.context.SpringBootTestArgs@1, org.springframework.boot.test.context.SpringBootTestWebEnvironment@53f3bdbd], resourceBasePath = 'src/main/webapp', contextLoader = 'org.springframework.boot.test.context.SpringBootContextLoader', parent = [null]], attributes = map['org.springframework.test.context.web.ServletTestExecutionListener.activateListener' -> true, 'org.springframework.test.context.web.ServletTestExecutionListener.populatedRequestContextHolder' -> true, 'org.springframework.test.context.web.ServletTestExecutionListener.resetRequestContextHolder' -> true, 'org.springframework.test.context.event.ApplicationEventsTestExecutionListener.recordApplicationEvents' -> false]]; transaction manager [org.springframework.jdbc.support.JdbcTransactionManager@502c2278]; rollback [true]
2025-05-10 15:46:59.667 DEBUG 11684 --- [    Test worker] h.i.repository.mybatis.ItemMapper.save   : ==>  Preparing: insert into item (item_name, price, quantity) values (?, ?, ?)
2025-05-10 15:46:59.667 DEBUG 11684 --- [    Test worker] h.i.repository.mybatis.ItemMapper.save   : ==> Parameters: itemA-1(String), 10000(Integer), 10(Integer)
2025-05-10 15:46:59.668 DEBUG 11684 --- [    Test worker] h.i.repository.mybatis.ItemMapper.save   : <==    Updates: 1
2025-05-10 15:46:59.668 DEBUG 11684 --- [    Test worker] h.i.repository.mybatis.ItemMapper.save   : ==>  Preparing: insert into item (item_name, price, quantity) values (?, ?, ?)
2025-05-10 15:46:59.668 DEBUG 11684 --- [    Test worker] h.i.repository.mybatis.ItemMapper.save   : ==> Parameters: itemA-2(String), 20000(Integer), 20(Integer)
2025-05-10 15:46:59.669 DEBUG 11684 --- [    Test worker] h.i.repository.mybatis.ItemMapper.save   : <==    Updates: 1
2025-05-10 15:46:59.669 DEBUG 11684 --- [    Test worker] h.i.repository.mybatis.ItemMapper.save   : ==>  Preparing: insert into item (item_name, price, quantity) values (?, ?, ?)
2025-05-10 15:46:59.669 DEBUG 11684 --- [    Test worker] h.i.repository.mybatis.ItemMapper.save   : ==> Parameters: itemB-1(String), 30000(Integer), 30(Integer)
2025-05-10 15:46:59.670 DEBUG 11684 --- [    Test worker] h.i.repository.mybatis.ItemMapper.save   : <==    Updates: 1
2025-05-10 15:46:59.687 DEBUG 11684 --- [    Test worker] h.i.r.mybatis.ItemMapper.findAll         : ==>  Preparing: select id, item_name, price, quantity from item
2025-05-10 15:46:59.688 DEBUG 11684 --- [    Test worker] h.i.r.mybatis.ItemMapper.findAll         : ==> Parameters: 
2025-05-10 15:46:59.688 TRACE 11684 --- [    Test worker] h.i.r.mybatis.ItemMapper.findAll         : <==    Columns: ID, ITEM_NAME, PRICE, QUANTITY
2025-05-10 15:46:59.688 TRACE 11684 --- [    Test worker] h.i.r.mybatis.ItemMapper.findAll         : <==        Row: 3, itemA-1, 10000, 10
2025-05-10 15:46:59.688 TRACE 11684 --- [    Test worker] h.i.r.mybatis.ItemMapper.findAll         : <==        Row: 4, itemA-2, 20000, 20
2025-05-10 15:46:59.689 TRACE 11684 --- [    Test worker] h.i.r.mybatis.ItemMapper.findAll         : <==        Row: 5, itemB-1, 30000, 30
2025-05-10 15:46:59.689 DEBUG 11684 --- [    Test worker] h.i.r.mybatis.ItemMapper.findAll         : <==      Total: 3
2025-05-10 15:46:59.700 DEBUG 11684 --- [    Test worker] h.i.r.mybatis.ItemMapper.findAll         : ==>  Preparing: select id, item_name, price, quantity from item WHERE item_name like concat('%', ?,'%')
2025-05-10 15:46:59.700 DEBUG 11684 --- [    Test worker] h.i.r.mybatis.ItemMapper.findAll         : ==> Parameters: itemA(String)
2025-05-10 15:46:59.701 TRACE 11684 --- [    Test worker] h.i.r.mybatis.ItemMapper.findAll         : <==    Columns: ID, ITEM_NAME, PRICE, QUANTITY
2025-05-10 15:46:59.701 TRACE 11684 --- [    Test worker] h.i.r.mybatis.ItemMapper.findAll         : <==        Row: 3, itemA-1, 10000, 10
2025-05-10 15:46:59.702 TRACE 11684 --- [    Test worker] h.i.r.mybatis.ItemMapper.findAll         : <==        Row: 4, itemA-2, 20000, 20
2025-05-10 15:46:59.702 DEBUG 11684 --- [    Test worker] h.i.r.mybatis.ItemMapper.findAll         : <==      Total: 2
2025-05-10 15:46:59.702 DEBUG 11684 --- [    Test worker] h.i.r.mybatis.ItemMapper.findAll         : ==>  Preparing: select id, item_name, price, quantity from item WHERE item_name like concat('%', ?,'%')
2025-05-10 15:46:59.703 DEBUG 11684 --- [    Test worker] h.i.r.mybatis.ItemMapper.findAll         : ==> Parameters: temA(String)
2025-05-10 15:46:59.703 TRACE 11684 --- [    Test worker] h.i.r.mybatis.ItemMapper.findAll         : <==    Columns: ID, ITEM_NAME, PRICE, QUANTITY
2025-05-10 15:46:59.704 TRACE 11684 --- [    Test worker] h.i.r.mybatis.ItemMapper.findAll         : <==        Row: 3, itemA-1, 10000, 10
2025-05-10 15:46:59.704 TRACE 11684 --- [    Test worker] h.i.r.mybatis.ItemMapper.findAll         : <==        Row: 4, itemA-2, 20000, 20
2025-05-10 15:46:59.705 DEBUG 11684 --- [    Test worker] h.i.r.mybatis.ItemMapper.findAll         : <==      Total: 2
2025-05-10 15:46:59.705 DEBUG 11684 --- [    Test worker] h.i.r.mybatis.ItemMapper.findAll         : ==>  Preparing: select id, item_name, price, quantity from item WHERE item_name like concat('%', ?,'%')
2025-05-10 15:46:59.705 DEBUG 11684 --- [    Test worker] h.i.r.mybatis.ItemMapper.findAll         : ==> Parameters: itemB(String)
2025-05-10 15:46:59.706 TRACE 11684 --- [    Test worker] h.i.r.mybatis.ItemMapper.findAll         : <==    Columns: ID, ITEM_NAME, PRICE, QUANTITY
2025-05-10 15:46:59.706 TRACE 11684 --- [    Test worker] h.i.r.mybatis.ItemMapper.findAll         : <==        Row: 5, itemB-1, 30000, 30
2025-05-10 15:46:59.707 DEBUG 11684 --- [    Test worker] h.i.r.mybatis.ItemMapper.findAll         : <==      Total: 1
2025-05-10 15:46:59.708 DEBUG 11684 --- [    Test worker] h.i.r.mybatis.ItemMapper.findAll         : ==>  Preparing: select id, item_name, price, quantity from item WHERE price <= ?
2025-05-10 15:46:59.708 DEBUG 11684 --- [    Test worker] h.i.r.mybatis.ItemMapper.findAll         : ==> Parameters: 10000(Integer)
2025-05-10 15:46:59.709 TRACE 11684 --- [    Test worker] h.i.r.mybatis.ItemMapper.findAll         : <==    Columns: ID, ITEM_NAME, PRICE, QUANTITY
2025-05-10 15:46:59.709 TRACE 11684 --- [    Test worker] h.i.r.mybatis.ItemMapper.findAll         : <==        Row: 3, itemA-1, 10000, 10
2025-05-10 15:46:59.709 DEBUG 11684 --- [    Test worker] h.i.r.mybatis.ItemMapper.findAll         : <==      Total: 1
2025-05-10 15:46:59.710 DEBUG 11684 --- [    Test worker] h.i.r.mybatis.ItemMapper.findAll         : ==>  Preparing: select id, item_name, price, quantity from item WHERE item_name like concat('%', ?,'%') and price <= ?
2025-05-10 15:46:59.710 DEBUG 11684 --- [    Test worker] h.i.r.mybatis.ItemMapper.findAll         : ==> Parameters: itemA(String), 10000(Integer)
2025-05-10 15:46:59.711 TRACE 11684 --- [    Test worker] h.i.r.mybatis.ItemMapper.findAll         : <==    Columns: ID, ITEM_NAME, PRICE, QUANTITY
2025-05-10 15:46:59.711 TRACE 11684 --- [    Test worker] h.i.r.mybatis.ItemMapper.findAll         : <==        Row: 3, itemA-1, 10000, 10
2025-05-10 15:46:59.711 DEBUG 11684 --- [    Test worker] h.i.r.mybatis.ItemMapper.findAll         : <==      Total: 1
2025-05-10 15:46:59.713 TRACE 11684 --- [    Test worker] o.s.t.c.transaction.TransactionContext   : Ending transaction for test context [DefaultTestContext@58dea0a5 testClass = ItemRepositoryTest, testInstance = hello.itemservice.domain.ItemRepositoryTest@13aa54f1, testMethod = findItems@ItemRepositoryTest, testException = [null], mergedContextConfiguration = [WebMergedContextConfiguration@2a2bb0eb testClass = ItemRepositoryTest, locations = '{}', classes = '{class hello.itemservice.ItemServiceApplication}', contextInitializerClasses = '[]', activeProfiles = '{}', propertySourceLocations = '{}', propertySourceProperties = '{org.springframework.boot.test.context.SpringBootTestContextBootstrapper=true}', contextCustomizers = set[org.springframework.boot.test.autoconfigure.actuate.metrics.MetricsExportContextCustomizerFactory$DisableMetricExportContextCustomizer@3f0846c6, org.springframework.boot.test.autoconfigure.properties.PropertyMappingContextCustomizer@0, org.springframework.boot.test.autoconfigure.web.servlet.WebDriverContextCustomizerFactory$Customizer@7b8233cd, org.springframework.boot.test.context.filter.ExcludeFilterContextCustomizer@4da602fc, org.springframework.boot.test.json.DuplicateJsonObjectContextCustomizerFactory$DuplicateJsonObjectContextCustomizer@72758afa, org.springframework.boot.test.mock.mockito.MockitoContextCustomizer@0, org.springframework.boot.test.web.client.TestRestTemplateContextCustomizer@73163d48, org.springframework.boot.test.context.SpringBootTestArgs@1, org.springframework.boot.test.context.SpringBootTestWebEnvironment@53f3bdbd], resourceBasePath = 'src/main/webapp', contextLoader = 'org.springframework.boot.test.context.SpringBootContextLoader', parent = [null]], attributes = map['org.springframework.test.context.web.ServletTestExecutionListener.activateListener' -> true, 'org.springframework.test.context.web.ServletTestExecutionListener.populatedRequestContextHolder' -> true, 'org.springframework.test.context.web.ServletTestExecutionListener.resetRequestContextHolder' -> true, 'org.springframework.test.context.event.ApplicationEventsTestExecutionListener.recordApplicationEvents' -> false]]; transaction status [org.springframework.transaction.support.DefaultTransactionStatus@574218f]; rollback [true]
2025-05-10 15:46:59.714 DEBUG 11684 --- [    Test worker] o.s.jdbc.support.JdbcTransactionManager  : Initiating transaction rollback
2025-05-10 15:46:59.714 DEBUG 11684 --- [    Test worker] o.s.jdbc.support.JdbcTransactionManager  : Rolling back JDBC transaction on Connection [HikariProxyConnection@651676429 wrapping conn0: url=jdbc:h2:mem:cb5c3575-9b79-4a9d-bc69-c74ce55452e0 user=SA]
2025-05-10 15:46:59.714 DEBUG 11684 --- [    Test worker] o.s.jdbc.support.JdbcTransactionManager  : Releasing JDBC Connection [HikariProxyConnection@651676429 wrapping conn0: url=jdbc:h2:mem:cb5c3575-9b79-4a9d-bc69-c74ce55452e0 user=SA] after transaction
2025-05-10 15:46:59.714  INFO 11684 --- [    Test worker] o.s.t.c.transaction.TransactionContext   : Rolled back transaction for test: [DefaultTestContext@58dea0a5 testClass = ItemRepositoryTest, testInstance = hello.itemservice.domain.ItemRepositoryTest@13aa54f1, testMethod = findItems@ItemRepositoryTest, testException = [null], mergedContextConfiguration = [WebMergedContextConfiguration@2a2bb0eb testClass = ItemRepositoryTest, locations = '{}', classes = '{class hello.itemservice.ItemServiceApplication}', contextInitializerClasses = '[]', activeProfiles = '{}', propertySourceLocations = '{}', propertySourceProperties = '{org.springframework.boot.test.context.SpringBootTestContextBootstrapper=true}', contextCustomizers = set[org.springframework.boot.test.autoconfigure.actuate.metrics.MetricsExportContextCustomizerFactory$DisableMetricExportContextCustomizer@3f0846c6, org.springframework.boot.test.autoconfigure.properties.PropertyMappingContextCustomizer@0, org.springframework.boot.test.autoconfigure.web.servlet.WebDriverContextCustomizerFactory$Customizer@7b8233cd, org.springframework.boot.test.context.filter.ExcludeFilterContextCustomizer@4da602fc, org.springframework.boot.test.json.DuplicateJsonObjectContextCustomizerFactory$DuplicateJsonObjectContextCustomizer@72758afa, org.springframework.boot.test.mock.mockito.MockitoContextCustomizer@0, org.springframework.boot.test.web.client.TestRestTemplateContextCustomizer@73163d48, org.springframework.boot.test.context.SpringBootTestArgs@1, org.springframework.boot.test.context.SpringBootTestWebEnvironment@53f3bdbd], resourceBasePath = 'src/main/webapp', contextLoader = 'org.springframework.boot.test.context.SpringBootContextLoader', parent = [null]], attributes = map['org.springframework.test.context.web.ServletTestExecutionListener.activateListener' -> true, 'org.springframework.test.context.web.ServletTestExecutionListener.populatedRequestContextHolder' -> true, 'org.springframework.test.context.web.ServletTestExecutionListener.resetRequestContextHolder' -> true, 'org.springframework.test.context.event.ApplicationEventsTestExecutionListener.recordApplicationEvents' -> false]]
]]></system-out>
  <system-err><![CDATA[]]></system-err>
</testsuite>
